2023/12/22 17:53:46 main.go:15: test
2023/12/22 19:00:19 todos.go:23: NOT NULL constraint failed: todos.uuid
2023/12/22 19:03:02 todos.go:23: NOT NULL constraint failed: todos.uuid
2023/12/22 19:04:40 todos.go:23: NOT NULL constraint failed: todos.uuid
2023/12/22 19:30:11 todos.go:78: near "where": syntax error
2023/12/22 20:58:00 server.go:3214: http: panic serving [::1]:64349: template: layout.html:1: function "definr" not defined
goroutine 6 [running]:
net/http.(*conn).serve.func1()
	C:/Program Files/Go/src/net/http/server.go:1868 +0xb9
panic({0x365920?, 0xc00002a2a0?})
	C:/Program Files/Go/src/runtime/panic.go:920 +0x270
text/template.Must(...)
	C:/Program Files/Go/src/text/template/helper.go:26
github.com/aihou/todo/app/controllers.generateHTML({0x450ed0?, 0xc000146000}, {0x352580, 0x44d4c0}, {0xc0000a3aa0?, 0x2, 0xc00002a230?})
	C:/makeGo/lesson/todu/app/controllers/route_main.go:14 +0x1f5
github.com/aihou/todo/app/controllers.top({0x450ed0?, 0xc000146000?}, 0xc0000a3b18?)
	C:/makeGo/lesson/todu/app/controllers/route_main.go:20 +0x6f
net/http.HandlerFunc.ServeHTTP(0x86040?, {0x450ed0?, 0xc000146000?}, 0x2d11da?)
	C:/Program Files/Go/src/net/http/server.go:2136 +0x29
net/http.(*ServeMux).ServeHTTP(0x6ca2c0?, {0x450ed0, 0xc000146000}, 0xc00009a000)
	C:/Program Files/Go/src/net/http/server.go:2514 +0x142
net/http.serverHandler.ServeHTTP({0xc000088030?}, {0x450ed0?, 0xc000146000?}, 0x6?)
	C:/Program Files/Go/src/net/http/server.go:2938 +0x8e
net/http.(*conn).serve(0xc00013c000, {0x451640, 0xc000024f00})
	C:/Program Files/Go/src/net/http/server.go:2009 +0x5f4
created by net/http.(*Server).Serve in goroutine 1
	C:/Program Files/Go/src/net/http/server.go:3086 +0x5cb
2023/12/22 20:58:01 server.go:3214: http: panic serving [::1]:64350: template: layout.html:1: function "definr" not defined
goroutine 18 [running]:
net/http.(*conn).serve.func1()
	C:/Program Files/Go/src/net/http/server.go:1868 +0xb9
panic({0x365920?, 0xc00002a350?})
	C:/Program Files/Go/src/runtime/panic.go:920 +0x270
text/template.Must(...)
	C:/Program Files/Go/src/text/template/helper.go:26
github.com/aihou/todo/app/controllers.generateHTML({0x450ed0?, 0xc0001461c0}, {0x352580, 0x44d4c0}, {0xc00009faa0?, 0x2, 0xc00002a2e0?})
	C:/makeGo/lesson/todu/app/controllers/route_main.go:14 +0x1f5
github.com/aihou/todo/app/controllers.top({0x450ed0?, 0xc0001461c0?}, 0xc00009fb18?)
	C:/makeGo/lesson/todu/app/controllers/route_main.go:20 +0x6f
net/http.HandlerFunc.ServeHTTP(0x86040?, {0x450ed0?, 0xc0001461c0?}, 0x2d11da?)
	C:/Program Files/Go/src/net/http/server.go:2136 +0x29
net/http.(*ServeMux).ServeHTTP(0x6ca2c0?, {0x450ed0, 0xc0001461c0}, 0xc00009a100)
	C:/Program Files/Go/src/net/http/server.go:2514 +0x142
net/http.serverHandler.ServeHTTP({0xc0000880c0?}, {0x450ed0?, 0xc0001461c0?}, 0x6?)
	C:/Program Files/Go/src/net/http/server.go:2938 +0x8e
net/http.(*conn).serve(0xc000188000, {0x451640, 0xc000024f00})
	C:/Program Files/Go/src/net/http/server.go:2009 +0x5f4
created by net/http.(*Server).Serve in goroutine 1
	C:/Program Files/Go/src/net/http/server.go:3086 +0x5cb
2023/12/22 20:58:01 server.go:3214: http: panic serving [::1]:64351: template: layout.html:1: function "definr" not defined
goroutine 19 [running]:
net/http.(*conn).serve.func1()
	C:/Program Files/Go/src/net/http/server.go:1868 +0xb9
panic({0x365920?, 0xc00008c0b0?})
	C:/Program Files/Go/src/runtime/panic.go:920 +0x270
text/template.Must(...)
	C:/Program Files/Go/src/text/template/helper.go:26
github.com/aihou/todo/app/controllers.generateHTML({0x450ed0?, 0xc0000bc000}, {0x352580, 0x44d4c0}, {0xc0000a3aa0?, 0x2, 0xc00008c040?})
	C:/makeGo/lesson/todu/app/controllers/route_main.go:14 +0x1f5
github.com/aihou/todo/app/controllers.top({0x450ed0?, 0xc0000bc000?}, 0xc0000a3b18?)
	C:/makeGo/lesson/todu/app/controllers/route_main.go:20 +0x6f
net/http.HandlerFunc.ServeHTTP(0x86040?, {0x450ed0?, 0xc0000bc000?}, 0x2d11da?)
	C:/Program Files/Go/src/net/http/server.go:2136 +0x29
net/http.(*ServeMux).ServeHTTP(0x6ca2c0?, {0x450ed0, 0xc0000bc000}, 0xc000196000)
	C:/Program Files/Go/src/net/http/server.go:2514 +0x142
net/http.serverHandler.ServeHTTP({0xc0001840f0?}, {0x450ed0?, 0xc0000bc000?}, 0x6?)
	C:/Program Files/Go/src/net/http/server.go:2938 +0x8e
net/http.(*conn).serve(0xc000188090, {0x451640, 0xc000024f00})
	C:/Program Files/Go/src/net/http/server.go:2009 +0x5f4
created by net/http.(*Server).Serve in goroutine 1
	C:/Program Files/Go/src/net/http/server.go:3086 +0x5cb
2023/12/22 20:58:01 server.go:3214: http: panic serving [::1]:64352: template: layout.html:1: function "definr" not defined
goroutine 35 [running]:
net/http.(*conn).serve.func1()
	C:/Program Files/Go/src/net/http/server.go:1868 +0xb9
panic({0x365920?, 0xc00008c160?})
	C:/Program Files/Go/src/runtime/panic.go:920 +0x270
text/template.Must(...)
	C:/Program Files/Go/src/text/template/helper.go:26
github.com/aihou/todo/app/controllers.generateHTML({0x450ed0?, 0xc0000bc1c0}, {0x352580, 0x44d4c0}, {0xc00009faa0?, 0x2, 0xc00008c0f0?})
	C:/makeGo/lesson/todu/app/controllers/route_main.go:14 +0x1f5
github.com/aihou/todo/app/controllers.top({0x450ed0?, 0xc0000bc1c0?}, 0xc00009fb18?)
	C:/makeGo/lesson/todu/app/controllers/route_main.go:20 +0x6f
net/http.HandlerFunc.ServeHTTP(0x86040?, {0x450ed0?, 0xc0000bc1c0?}, 0x2d11da?)
	C:/Program Files/Go/src/net/http/server.go:2136 +0x29
net/http.(*ServeMux).ServeHTTP(0x6ca2c0?, {0x450ed0, 0xc0000bc1c0}, 0xc00009a200)
	C:/Program Files/Go/src/net/http/server.go:2514 +0x142
net/http.serverHandler.ServeHTTP({0xc000088390?}, {0x450ed0?, 0xc0000bc1c0?}, 0x6?)
	C:/Program Files/Go/src/net/http/server.go:2938 +0x8e
net/http.(*conn).serve(0xc0000a6120, {0x451640, 0xc000024f00})
	C:/Program Files/Go/src/net/http/server.go:2009 +0x5f4
created by net/http.(*Server).Serve in goroutine 1
	C:/Program Files/Go/src/net/http/server.go:3086 +0x5cb
2023/12/22 20:58:02 server.go:3214: http: panic serving [::1]:64353: template: layout.html:1: function "definr" not defined
goroutine 37 [running]:
net/http.(*conn).serve.func1()
	C:/Program Files/Go/src/net/http/server.go:1868 +0xb9
panic({0x365920?, 0xc00008c210?})
	C:/Program Files/Go/src/runtime/panic.go:920 +0x270
text/template.Must(...)
	C:/Program Files/Go/src/text/template/helper.go:26
github.com/aihou/todo/app/controllers.generateHTML({0x450ed0?, 0xc0000bc380}, {0x352580, 0x44d4c0}, {0xc00009faa0?, 0x2, 0xc00008c1a0?})
	C:/makeGo/lesson/todu/app/controllers/route_main.go:14 +0x1f5
github.com/aihou/todo/app/controllers.top({0x450ed0?, 0xc0000bc380?}, 0xc00009fb18?)
	C:/makeGo/lesson/todu/app/controllers/route_main.go:20 +0x6f
net/http.HandlerFunc.ServeHTTP(0x86040?, {0x450ed0?, 0xc0000bc380?}, 0x2d11da?)
	C:/Program Files/Go/src/net/http/server.go:2136 +0x29
net/http.(*ServeMux).ServeHTTP(0x6ca2c0?, {0x450ed0, 0xc0000bc380}, 0xc00009a300)
	C:/Program Files/Go/src/net/http/server.go:2514 +0x142
net/http.serverHandler.ServeHTTP({0xc000088630?}, {0x450ed0?, 0xc0000bc380?}, 0x6?)
	C:/Program Files/Go/src/net/http/server.go:2938 +0x8e
net/http.(*conn).serve(0xc0000a62d0, {0x451640, 0xc000024f00})
	C:/Program Files/Go/src/net/http/server.go:2009 +0x5f4
created by net/http.(*Server).Serve in goroutine 1
	C:/Program Files/Go/src/net/http/server.go:3086 +0x5cb
2023/12/22 21:03:43 server.go:3214: http: panic serving [::1]:64390: open app/views/layout.html: The system cannot find the file specified.
goroutine 6 [running]:
net/http.(*conn).serve.func1()
	C:/Program Files/Go/src/net/http/server.go:1868 +0xb9
panic({0x8bdd60?, 0xc0000253b0?})
	C:/Program Files/Go/src/runtime/panic.go:920 +0x270
html/template.Must(...)
	C:/Program Files/Go/src/html/template/template.go:368
github.com/aihou/todo/app/controllers.generateHTML({0x9a1f50?, 0xc000158000}, {0x896c60, 0x99e430}, {0xc00014faa0?, 0x2, 0xc00002a290?})
	C:/makeGo/lesson/todu/app/controllers/server.go:17 +0x21f
github.com/aihou/todo/app/controllers.top({0x9a1f50?, 0xc000158000?}, 0xc00014fb18?)
	C:/makeGo/lesson/todu/app/controllers/route_main.go:8 +0x6f
net/http.HandlerFunc.ServeHTTP(0x5a6040?, {0x9a1f50?, 0xc000158000?}, 0x7f1aba?)
	C:/Program Files/Go/src/net/http/server.go:2136 +0x29
net/http.(*ServeMux).ServeHTTP(0xc3bdc0?, {0x9a1f50, 0xc000158000}, 0xc000122100)
	C:/Program Files/Go/src/net/http/server.go:2514 +0x142
net/http.serverHandler.ServeHTTP({0xc000025290?}, {0x9a1f50?, 0xc000158000?}, 0x6?)
	C:/Program Files/Go/src/net/http/server.go:2938 +0x8e
net/http.(*conn).serve(0xc000144000, {0x9a2728, 0xc0000251a0})
	C:/Program Files/Go/src/net/http/server.go:2009 +0x5f4
created by net/http.(*Server).Serve in goroutine 1
	C:/Program Files/Go/src/net/http/server.go:3086 +0x5cb
2023/12/22 21:03:44 server.go:3214: http: panic serving [::1]:64391: open app/views/layout.html: The system cannot find the file specified.
goroutine 18 [running]:
net/http.(*conn).serve.func1()
	C:/Program Files/Go/src/net/http/server.go:1868 +0xb9
panic({0x8bdd60?, 0xc000088120?})
	C:/Program Files/Go/src/runtime/panic.go:920 +0x270
html/template.Must(...)
	C:/Program Files/Go/src/html/template/template.go:368
github.com/aihou/todo/app/controllers.generateHTML({0x9a1f50?, 0xc0000ac000}, {0x896c60, 0x99e430}, {0xc00014baa0?, 0x2, 0xc00008c020?})
	C:/makeGo/lesson/todu/app/controllers/server.go:17 +0x21f
github.com/aihou/todo/app/controllers.top({0x9a1f50?, 0xc0000ac000?}, 0xc00014bb18?)
	C:/makeGo/lesson/todu/app/controllers/route_main.go:8 +0x6f
net/http.HandlerFunc.ServeHTTP(0x5a6040?, {0x9a1f50?, 0xc0000ac000?}, 0x7f1aba?)
	C:/Program Files/Go/src/net/http/server.go:2136 +0x29
net/http.(*ServeMux).ServeHTTP(0xc3bdc0?, {0x9a1f50, 0xc0000ac000}, 0xc000094000)
	C:/Program Files/Go/src/net/http/server.go:2514 +0x142
net/http.serverHandler.ServeHTTP({0xc000088030?}, {0x9a1f50?, 0xc0000ac000?}, 0x6?)
	C:/Program Files/Go/src/net/http/server.go:2938 +0x8e
net/http.(*conn).serve(0xc000188000, {0x9a2728, 0xc0000251a0})
	C:/Program Files/Go/src/net/http/server.go:2009 +0x5f4
created by net/http.(*Server).Serve in goroutine 1
	C:/Program Files/Go/src/net/http/server.go:3086 +0x5cb
2023/12/22 21:03:44 server.go:3214: http: panic serving [::1]:64392: open app/views/layout.html: The system cannot find the file specified.
goroutine 8 [running]:
net/http.(*conn).serve.func1()
	C:/Program Files/Go/src/net/http/server.go:1868 +0xb9
panic({0x8bdd60?, 0xc000288090?})
	C:/Program Files/Go/src/runtime/panic.go:920 +0x270
html/template.Must(...)
	C:/Program Files/Go/src/html/template/template.go:368
github.com/aihou/todo/app/controllers.generateHTML({0x9a1f50?, 0xc00029e000}, {0x896c60, 0x99e430}, {0xc00014faa0?, 0x2, 0xc00029c010?})
	C:/makeGo/lesson/todu/app/controllers/server.go:17 +0x21f
github.com/aihou/todo/app/controllers.top({0x9a1f50?, 0xc00029e000?}, 0xc00014fb18?)
	C:/makeGo/lesson/todu/app/controllers/route_main.go:8 +0x6f
net/http.HandlerFunc.ServeHTTP(0x5a6040?, {0x9a1f50?, 0xc00029e000?}, 0x7f1aba?)
	C:/Program Files/Go/src/net/http/server.go:2136 +0x29
net/http.(*ServeMux).ServeHTTP(0xc3bdc0?, {0x9a1f50, 0xc00029e000}, 0xc000122300)
	C:/Program Files/Go/src/net/http/server.go:2514 +0x142
net/http.serverHandler.ServeHTTP({0xc000025470?}, {0x9a1f50?, 0xc00029e000?}, 0x6?)
	C:/Program Files/Go/src/net/http/server.go:2938 +0x8e
net/http.(*conn).serve(0xc0001441b0, {0x9a2728, 0xc0000251a0})
	C:/Program Files/Go/src/net/http/server.go:2009 +0x5f4
created by net/http.(*Server).Serve in goroutine 1
	C:/Program Files/Go/src/net/http/server.go:3086 +0x5cb
2023/12/22 21:03:44 server.go:3214: http: panic serving [::1]:64393: open app/views/layout.html: The system cannot find the file specified.
goroutine 51 [running]:
net/http.(*conn).serve.func1()
	C:/Program Files/Go/src/net/http/server.go:1868 +0xb9
panic({0x8bdd60?, 0xc000288210?})
	C:/Program Files/Go/src/runtime/panic.go:920 +0x270
html/template.Must(...)
	C:/Program Files/Go/src/html/template/template.go:368
github.com/aihou/todo/app/controllers.generateHTML({0x9a1f50?, 0xc00029e1c0}, {0x896c60, 0x99e430}, {0xc00014baa0?, 0x2, 0xc00029c080?})
	C:/makeGo/lesson/todu/app/controllers/server.go:17 +0x21f
github.com/aihou/todo/app/controllers.top({0x9a1f50?, 0xc00029e1c0?}, 0xc00014bb18?)
	C:/makeGo/lesson/todu/app/controllers/route_main.go:8 +0x6f
net/http.HandlerFunc.ServeHTTP(0x5a6040?, {0x9a1f50?, 0xc00029e1c0?}, 0x7f1aba?)
	C:/Program Files/Go/src/net/http/server.go:2136 +0x29
net/http.(*ServeMux).ServeHTTP(0xc3bdc0?, {0x9a1f50, 0xc00029e1c0}, 0xc0002da000)
	C:/Program Files/Go/src/net/http/server.go:2514 +0x142
net/http.serverHandler.ServeHTTP({0xc000288150?}, {0x9a1f50?, 0xc00029e1c0?}, 0x6?)
	C:/Program Files/Go/src/net/http/server.go:2938 +0x8e
net/http.(*conn).serve(0xc000284120, {0x9a2728, 0xc0000251a0})
	C:/Program Files/Go/src/net/http/server.go:2009 +0x5f4
created by net/http.(*Server).Serve in goroutine 1
	C:/Program Files/Go/src/net/http/server.go:3086 +0x5cb
2023/12/22 21:21:21 server.go:3214: http: panic serving [::1]:64604: open app/views/templates/signup.html: The system cannot find the file specified.
goroutine 19 [running]:
net/http.(*conn).serve.func1()
	C:/Program Files/Go/src/net/http/server.go:1868 +0xb9
panic({0xcfed60?, 0xc000024600?})
	C:/Program Files/Go/src/runtime/panic.go:920 +0x270
html/template.Must(...)
	C:/Program Files/Go/src/html/template/template.go:368
github.com/aihou/todo/app/controllers.generateHTML({0xde2f90?, 0xc00006a0e0}, {0x0, 0x0}, {0xc000113a90?, 0x3, 0xc000113af0?})
	C:/makeGo/lesson/todu/app/controllers/server.go:17 +0x21f
github.com/aihou/todo/app/controllers.signup({0xde2f90?, 0xc00006a0e0?}, 0xc000113b18?)
	C:/makeGo/lesson/todu/app/controllers/route_auth.go:8 +0x87
net/http.HandlerFunc.ServeHTTP(0x9e6040?, {0xde2f90?, 0xc00006a0e0?}, 0xc31aba?)
	C:/Program Files/Go/src/net/http/server.go:2136 +0x29
net/http.(*ServeMux).ServeHTTP(0x107cdc0?, {0xde2f90, 0xc00006a0e0}, 0xc000066000)
	C:/Program Files/Go/src/net/http/server.go:2514 +0x142
net/http.serverHandler.ServeHTTP({0xc000089260?}, {0xde2f90?, 0xc00006a0e0?}, 0x6?)
	C:/Program Files/Go/src/net/http/server.go:2938 +0x8e
net/http.(*conn).serve(0xc000108000, {0xde3768, 0xc000089170})
	C:/Program Files/Go/src/net/http/server.go:2009 +0x5f4
created by net/http.(*Server).Serve in goroutine 1
	C:/Program Files/Go/src/net/http/server.go:3086 +0x5cb
2023/12/22 21:21:21 server.go:3214: http: panic serving [::1]:64605: open app/views/templates/signup.html: The system cannot find the file specified.
goroutine 20 [running]:
net/http.(*conn).serve.func1()
	C:/Program Files/Go/src/net/http/server.go:1868 +0xb9
panic({0xcfed60?, 0xc000024c30?})
	C:/Program Files/Go/src/runtime/panic.go:920 +0x270
html/template.Must(...)
	C:/Program Files/Go/src/html/template/template.go:368
github.com/aihou/todo/app/controllers.generateHTML({0xde2f90?, 0xc00006a380}, {0x0, 0x0}, {0xc00010fa90?, 0x3, 0xc00010faf0?})
	C:/makeGo/lesson/todu/app/controllers/server.go:17 +0x21f
github.com/aihou/todo/app/controllers.signup({0xde2f90?, 0xc00006a380?}, 0xc00010fb18?)
	C:/makeGo/lesson/todu/app/controllers/route_auth.go:8 +0x87
net/http.HandlerFunc.ServeHTTP(0x9e6040?, {0xde2f90?, 0xc00006a380?}, 0xc31aba?)
	C:/Program Files/Go/src/net/http/server.go:2136 +0x29
net/http.(*ServeMux).ServeHTTP(0x107cdc0?, {0xde2f90, 0xc00006a380}, 0xc0000e4200)
	C:/Program Files/Go/src/net/http/server.go:2514 +0x142
net/http.serverHandler.ServeHTTP({0xc000089350?}, {0xde2f90?, 0xc00006a380?}, 0x6?)
	C:/Program Files/Go/src/net/http/server.go:2938 +0x8e
net/http.(*conn).serve(0xc000108090, {0xde3768, 0xc000089170})
	C:/Program Files/Go/src/net/http/server.go:2009 +0x5f4
created by net/http.(*Server).Serve in goroutine 1
	C:/Program Files/Go/src/net/http/server.go:3086 +0x5cb
2023/12/22 21:21:21 server.go:3214: http: panic serving [::1]:64610: open app/views/templates/signup.html: The system cannot find the file specified.
goroutine 34 [running]:
net/http.(*conn).serve.func1()
	C:/Program Files/Go/src/net/http/server.go:1868 +0xb9
panic({0xcfed60?, 0xc000025290?})
	C:/Program Files/Go/src/runtime/panic.go:920 +0x270
html/template.Must(...)
	C:/Program Files/Go/src/html/template/template.go:368
github.com/aihou/todo/app/controllers.generateHTML({0xde2f90?, 0xc00006a620}, {0x0, 0x0}, {0xc000113a90?, 0x3, 0xc000113af0?})
	C:/makeGo/lesson/todu/app/controllers/server.go:17 +0x21f
github.com/aihou/todo/app/controllers.signup({0xde2f90?, 0xc00006a620?}, 0xc000113b18?)
	C:/makeGo/lesson/todu/app/controllers/route_auth.go:8 +0x87
net/http.HandlerFunc.ServeHTTP(0x9e6040?, {0xde2f90?, 0xc00006a620?}, 0xc31aba?)
	C:/Program Files/Go/src/net/http/server.go:2136 +0x29
net/http.(*ServeMux).ServeHTTP(0x107cdc0?, {0xde2f90, 0xc00006a620}, 0xc000066200)
	C:/Program Files/Go/src/net/http/server.go:2514 +0x142
net/http.serverHandler.ServeHTTP({0xc000024c90?}, {0xde2f90?, 0xc00006a620?}, 0x6?)
	C:/Program Files/Go/src/net/http/server.go:2938 +0x8e
net/http.(*conn).serve(0xc00020c000, {0xde3768, 0xc000089170})
	C:/Program Files/Go/src/net/http/server.go:2009 +0x5f4
created by net/http.(*Server).Serve in goroutine 1
	C:/Program Files/Go/src/net/http/server.go:3086 +0x5cb
2023/12/22 21:21:22 server.go:3214: http: panic serving [::1]:64611: open app/views/templates/signup.html: The system cannot find the file specified.
goroutine 22 [running]:
net/http.(*conn).serve.func1()
	C:/Program Files/Go/src/net/http/server.go:1868 +0xb9
panic({0xcfed60?, 0xc000025890?})
	C:/Program Files/Go/src/runtime/panic.go:920 +0x270
html/template.Must(...)
	C:/Program Files/Go/src/html/template/template.go:368
github.com/aihou/todo/app/controllers.generateHTML({0xde2f90?, 0xc00006a7e0}, {0x0, 0x0}, {0xc000113a90?, 0x3, 0xc000113af0?})
	C:/makeGo/lesson/todu/app/controllers/server.go:17 +0x21f
github.com/aihou/todo/app/controllers.signup({0xde2f90?, 0xc00006a7e0?}, 0xc000113b18?)
	C:/makeGo/lesson/todu/app/controllers/route_auth.go:8 +0x87
net/http.HandlerFunc.ServeHTTP(0x9e6040?, {0xde2f90?, 0xc00006a7e0?}, 0xc31aba?)
	C:/Program Files/Go/src/net/http/server.go:2136 +0x29
net/http.(*ServeMux).ServeHTTP(0x107cdc0?, {0xde2f90, 0xc00006a7e0}, 0xc0000e4300)
	C:/Program Files/Go/src/net/http/server.go:2514 +0x142
net/http.serverHandler.ServeHTTP({0xc00012c5a0?}, {0xde2f90?, 0xc00006a7e0?}, 0x6?)
	C:/Program Files/Go/src/net/http/server.go:2938 +0x8e
net/http.(*conn).serve(0xc000108240, {0xde3768, 0xc000089170})
	C:/Program Files/Go/src/net/http/server.go:2009 +0x5f4
created by net/http.(*Server).Serve in goroutine 1
	C:/Program Files/Go/src/net/http/server.go:3086 +0x5cb
2023/12/22 21:21:27 server.go:3214: http: panic serving [::1]:64612: open app/views/templates/signup.html: The system cannot find the file specified.
goroutine 23 [running]:
net/http.(*conn).serve.func1()
	C:/Program Files/Go/src/net/http/server.go:1868 +0xb9
panic({0xcfed60?, 0xc000025e90?})
	C:/Program Files/Go/src/runtime/panic.go:920 +0x270
html/template.Must(...)
	C:/Program Files/Go/src/html/template/template.go:368
github.com/aihou/todo/app/controllers.generateHTML({0xde2f90?, 0xc00006a9a0}, {0x0, 0x0}, {0xc000139a90?, 0x3, 0xc000139af0?})
	C:/makeGo/lesson/todu/app/controllers/server.go:17 +0x21f
github.com/aihou/todo/app/controllers.signup({0xde2f90?, 0xc00006a9a0?}, 0xc000139b18?)
	C:/makeGo/lesson/todu/app/controllers/route_auth.go:8 +0x87
net/http.HandlerFunc.ServeHTTP(0x9e6040?, {0xde2f90?, 0xc00006a9a0?}, 0xc31aba?)
	C:/Program Files/Go/src/net/http/server.go:2136 +0x29
net/http.(*ServeMux).ServeHTTP(0x107cdc0?, {0xde2f90, 0xc00006a9a0}, 0xc0000e4400)
	C:/Program Files/Go/src/net/http/server.go:2514 +0x142
net/http.serverHandler.ServeHTTP({0xc00012c660?}, {0xde2f90?, 0xc00006a9a0?}, 0x6?)
	C:/Program Files/Go/src/net/http/server.go:2938 +0x8e
net/http.(*conn).serve(0xc0001082d0, {0xde3768, 0xc000089170})
	C:/Program Files/Go/src/net/http/server.go:2009 +0x5f4
created by net/http.(*Server).Serve in goroutine 1
	C:/Program Files/Go/src/net/http/server.go:3086 +0x5cb
2023/12/22 21:21:27 server.go:3214: http: panic serving [::1]:64613: open app/views/templates/signup.html: The system cannot find the file specified.
goroutine 35 [running]:
net/http.(*conn).serve.func1()
	C:/Program Files/Go/src/net/http/server.go:1868 +0xb9
panic({0xcfed60?, 0xc00012cc60?})
	C:/Program Files/Go/src/runtime/panic.go:920 +0x270
html/template.Must(...)
	C:/Program Files/Go/src/html/template/template.go:368
github.com/aihou/todo/app/controllers.generateHTML({0xde2f90?, 0xc0001220e0}, {0x0, 0x0}, {0xc00010fa90?, 0x3, 0xc00010faf0?})
	C:/makeGo/lesson/todu/app/controllers/server.go:17 +0x21f
github.com/aihou/todo/app/controllers.signup({0xde2f90?, 0xc0001220e0?}, 0xc00010fb18?)
	C:/makeGo/lesson/todu/app/controllers/route_auth.go:8 +0x87
net/http.HandlerFunc.ServeHTTP(0x9e6040?, {0xde2f90?, 0xc0001220e0?}, 0xc31aba?)
	C:/Program Files/Go/src/net/http/server.go:2136 +0x29
net/http.(*ServeMux).ServeHTTP(0x107cdc0?, {0xde2f90, 0xc0001220e0}, 0xc000214000)
	C:/Program Files/Go/src/net/http/server.go:2514 +0x142
net/http.serverHandler.ServeHTTP({0xc0002080f0?}, {0xde2f90?, 0xc0001220e0?}, 0x6?)
	C:/Program Files/Go/src/net/http/server.go:2938 +0x8e
net/http.(*conn).serve(0xc00020c090, {0xde3768, 0xc000089170})
	C:/Program Files/Go/src/net/http/server.go:2009 +0x5f4
created by net/http.(*Server).Serve in goroutine 1
	C:/Program Files/Go/src/net/http/server.go:3086 +0x5cb
2023/12/22 21:21:27 server.go:3214: http: panic serving [::1]:64614: open app/views/templates/signup.html: The system cannot find the file specified.
goroutine 25 [running]:
net/http.(*conn).serve.func1()
	C:/Program Files/Go/src/net/http/server.go:1868 +0xb9
panic({0xcfed60?, 0xc00012d380?})
	C:/Program Files/Go/src/runtime/panic.go:920 +0x270
html/template.Must(...)
	C:/Program Files/Go/src/html/template/template.go:368
github.com/aihou/todo/app/controllers.generateHTML({0xde2f90?, 0xc0001222a0}, {0x0, 0x0}, {0xc00010fa90?, 0x3, 0xc00010faf0?})
	C:/makeGo/lesson/todu/app/controllers/server.go:17 +0x21f
github.com/aihou/todo/app/controllers.signup({0xde2f90?, 0xc0001222a0?}, 0xc00010fb18?)
	C:/makeGo/lesson/todu/app/controllers/route_auth.go:8 +0x87
net/http.HandlerFunc.ServeHTTP(0x9e6040?, {0xde2f90?, 0xc0001222a0?}, 0xc31aba?)
	C:/Program Files/Go/src/net/http/server.go:2136 +0x29
net/http.(*ServeMux).ServeHTTP(0x107cdc0?, {0xde2f90, 0xc0001222a0}, 0xc0000e4500)
	C:/Program Files/Go/src/net/http/server.go:2514 +0x142
net/http.serverHandler.ServeHTTP({0xc00012cd80?}, {0xde2f90?, 0xc0001222a0?}, 0x6?)
	C:/Program Files/Go/src/net/http/server.go:2938 +0x8e
net/http.(*conn).serve(0xc000108480, {0xde3768, 0xc000089170})
	C:/Program Files/Go/src/net/http/server.go:2009 +0x5f4
created by net/http.(*Server).Serve in goroutine 1
	C:/Program Files/Go/src/net/http/server.go:3086 +0x5cb
2023/12/22 21:24:10 server.go:3214: http: panic serving [::1]:64653: open app/views/templates/signup.html: The system cannot find the file specified.
goroutine 6 [running]:
net/http.(*conn).serve.func1()
	C:/Program Files/Go/src/net/http/server.go:1868 +0xb9
panic({0x59ed60?, 0xc0000258c0?})
	C:/Program Files/Go/src/runtime/panic.go:920 +0x270
html/template.Must(...)
	C:/Program Files/Go/src/html/template/template.go:368
github.com/aihou/todo/app/controllers.generateHTML({0x682f90?, 0xc0001840e0}, {0x0, 0x0}, {0xc00014fa90?, 0x3, 0xc00014faf0?})
	C:/makeGo/lesson/todu/app/controllers/server.go:17 +0x21f
github.com/aihou/todo/app/controllers.signup({0x682f90?, 0xc0001840e0?}, 0xc00014fb18?)
	C:/makeGo/lesson/todu/app/controllers/route_auth.go:8 +0x87
net/http.HandlerFunc.ServeHTTP(0x286040?, {0x682f90?, 0xc0001840e0?}, 0x4d1aba?)
	C:/Program Files/Go/src/net/http/server.go:2136 +0x29
net/http.(*ServeMux).ServeHTTP(0x91cdc0?, {0x682f90, 0xc0001840e0}, 0xc000122100)
	C:/Program Files/Go/src/net/http/server.go:2514 +0x142
net/http.serverHandler.ServeHTTP({0xc000025290?}, {0x682f90?, 0xc0001840e0?}, 0x6?)
	C:/Program Files/Go/src/net/http/server.go:2938 +0x8e
net/http.(*conn).serve(0xc000144000, {0x683768, 0xc0000251a0})
	C:/Program Files/Go/src/net/http/server.go:2009 +0x5f4
created by net/http.(*Server).Serve in goroutine 1
	C:/Program Files/Go/src/net/http/server.go:3086 +0x5cb
2023/12/22 21:24:11 server.go:3214: http: panic serving [::1]:64654: open app/views/templates/signup.html: The system cannot find the file specified.
goroutine 18 [running]:
net/http.(*conn).serve.func1()
	C:/Program Files/Go/src/net/http/server.go:1868 +0xb9
panic({0x59ed60?, 0xc000025fb0?})
	C:/Program Files/Go/src/runtime/panic.go:920 +0x270
html/template.Must(...)
	C:/Program Files/Go/src/html/template/template.go:368
github.com/aihou/todo/app/controllers.generateHTML({0x682f90?, 0xc0001680e0}, {0x0, 0x0}, {0xc00014ba90?, 0x3, 0xc00014baf0?})
	C:/makeGo/lesson/todu/app/controllers/server.go:17 +0x21f
github.com/aihou/todo/app/controllers.signup({0x682f90?, 0xc0001680e0?}, 0xc00014bb18?)
	C:/makeGo/lesson/todu/app/controllers/route_auth.go:8 +0x87
net/http.HandlerFunc.ServeHTTP(0x286040?, {0x682f90?, 0xc0001680e0?}, 0x4d1aba?)
	C:/Program Files/Go/src/net/http/server.go:2136 +0x29
net/http.(*ServeMux).ServeHTTP(0x91cdc0?, {0x682f90, 0xc0001680e0}, 0xc000122200)
	C:/Program Files/Go/src/net/http/server.go:2514 +0x142
net/http.serverHandler.ServeHTTP({0xc000025320?}, {0x682f90?, 0xc0001680e0?}, 0x6?)
	C:/Program Files/Go/src/net/http/server.go:2938 +0x8e
net/http.(*conn).serve(0xc00008e000, {0x683768, 0xc0000251a0})
	C:/Program Files/Go/src/net/http/server.go:2009 +0x5f4
created by net/http.(*Server).Serve in goroutine 1
	C:/Program Files/Go/src/net/http/server.go:3086 +0x5cb
2023/12/22 21:24:11 server.go:3214: http: panic serving [::1]:64655: open app/views/templates/signup.html: The system cannot find the file specified.
goroutine 7 [running]:
net/http.(*conn).serve.func1()
	C:/Program Files/Go/src/net/http/server.go:1868 +0xb9
panic({0x59ed60?, 0xc00008a630?})
	C:/Program Files/Go/src/runtime/panic.go:920 +0x270
html/template.Must(...)
	C:/Program Files/Go/src/html/template/template.go:368
github.com/aihou/todo/app/controllers.generateHTML({0x682f90?, 0xc0000ac000}, {0x0, 0x0}, {0xc00014fa90?, 0x3, 0xc00014faf0?})
	C:/makeGo/lesson/todu/app/controllers/server.go:17 +0x21f
github.com/aihou/todo/app/controllers.signup({0x682f90?, 0xc0000ac000?}, 0xc00014fb18?)
	C:/makeGo/lesson/todu/app/controllers/route_auth.go:8 +0x87
net/http.HandlerFunc.ServeHTTP(0x286040?, {0x682f90?, 0xc0000ac000?}, 0x4d1aba?)
	C:/Program Files/Go/src/net/http/server.go:2136 +0x29
net/http.(*ServeMux).ServeHTTP(0x91cdc0?, {0x682f90, 0xc0000ac000}, 0xc000122400)
	C:/Program Files/Go/src/net/http/server.go:2514 +0x142
net/http.serverHandler.ServeHTTP({0xc000025980?}, {0x682f90?, 0xc0000ac000?}, 0x6?)
	C:/Program Files/Go/src/net/http/server.go:2938 +0x8e
net/http.(*conn).serve(0xc000144090, {0x683768, 0xc0000251a0})
	C:/Program Files/Go/src/net/http/server.go:2009 +0x5f4
created by net/http.(*Server).Serve in goroutine 1
	C:/Program Files/Go/src/net/http/server.go:3086 +0x5cb
2023/12/22 21:24:11 server.go:3214: http: panic serving [::1]:64656: open app/views/templates/signup.html: The system cannot find the file specified.
goroutine 20 [running]:
net/http.(*conn).serve.func1()
	C:/Program Files/Go/src/net/http/server.go:1868 +0xb9
panic({0x59ed60?, 0xc00008acf0?})
	C:/Program Files/Go/src/runtime/panic.go:920 +0x270
html/template.Must(...)
	C:/Program Files/Go/src/html/template/template.go:368
github.com/aihou/todo/app/controllers.generateHTML({0x682f90?, 0xc0000ac1c0}, {0x0, 0x0}, {0xc00014ba90?, 0x3, 0xc00014baf0?})
	C:/makeGo/lesson/todu/app/controllers/server.go:17 +0x21f
github.com/aihou/todo/app/controllers.signup({0x682f90?, 0xc0000ac1c0?}, 0xc00014bb18?)
	C:/makeGo/lesson/todu/app/controllers/route_auth.go:8 +0x87
net/http.HandlerFunc.ServeHTTP(0x286040?, {0x682f90?, 0xc0000ac1c0?}, 0x4d1aba?)
	C:/Program Files/Go/src/net/http/server.go:2136 +0x29
net/http.(*ServeMux).ServeHTTP(0x91cdc0?, {0x682f90, 0xc0000ac1c0}, 0xc0000f4000)
	C:/Program Files/Go/src/net/http/server.go:2514 +0x142
net/http.serverHandler.ServeHTTP({0xc00008a6f0?}, {0x682f90?, 0xc0000ac1c0?}, 0x6?)
	C:/Program Files/Go/src/net/http/server.go:2938 +0x8e
net/http.(*conn).serve(0xc00008e1b0, {0x683768, 0xc0000251a0})
	C:/Program Files/Go/src/net/http/server.go:2009 +0x5f4
created by net/http.(*Server).Serve in goroutine 1
	C:/Program Files/Go/src/net/http/server.go:3086 +0x5cb
2023/12/22 21:28:05 server.go:3214: http: panic serving [::1]:64669: template: layout.html:15: missing value for block clause
goroutine 6 [running]:
net/http.(*conn).serve.func1()
	C:/Program Files/Go/src/net/http/server.go:1868 +0xb9
panic({0xf0bbc0?, 0xc00002a510?})
	C:/Program Files/Go/src/runtime/panic.go:920 +0x270
html/template.Must(...)
	C:/Program Files/Go/src/html/template/template.go:368
github.com/aihou/todo/app/controllers.generateHTML({0x1002f90?, 0xc00014c0e0}, {0xef7c60, 0xfff480}, {0xc0000a1a90?, 0x3, 0xc0000a1af0?})
	C:/makeGo/lesson/todu/app/controllers/server.go:17 +0x21f
github.com/aihou/todo/app/controllers.top({0x1002f90?, 0xc00014c0e0?}, 0xc0000a1b18?)
	C:/makeGo/lesson/todu/app/controllers/route_main.go:8 +0x91
net/http.HandlerFunc.ServeHTTP(0xc06040?, {0x1002f90?, 0xc00014c0e0?}, 0xe51aba?)
	C:/Program Files/Go/src/net/http/server.go:2136 +0x29
net/http.(*ServeMux).ServeHTTP(0x129cdc0?, {0x1002f90, 0xc00014c0e0}, 0xc000122400)
	C:/Program Files/Go/src/net/http/server.go:2514 +0x142
net/http.serverHandler.ServeHTTP({0xc000088030?}, {0x1002f90?, 0xc00014c0e0?}, 0x6?)
	C:/Program Files/Go/src/net/http/server.go:2938 +0x8e
net/http.(*conn).serve(0xc000144000, {0x1003768, 0xc0000251a0})
	C:/Program Files/Go/src/net/http/server.go:2009 +0x5f4
created by net/http.(*Server).Serve in goroutine 1
	C:/Program Files/Go/src/net/http/server.go:3086 +0x5cb
2023/12/22 21:28:05 server.go:3214: http: panic serving [::1]:64672: template: layout.html:15: missing value for block clause
goroutine 19 [running]:
net/http.(*conn).serve.func1()
	C:/Program Files/Go/src/net/http/server.go:1868 +0xb9
panic({0xf0bbc0?, 0xc00002a610?})
	C:/Program Files/Go/src/runtime/panic.go:920 +0x270
html/template.Must(...)
	C:/Program Files/Go/src/html/template/template.go:368
github.com/aihou/todo/app/controllers.generateHTML({0x1002f90?, 0xc00014c2a0}, {0xef7c60, 0xfff480}, {0xc000161a90?, 0x3, 0xc000161af0?})
	C:/makeGo/lesson/todu/app/controllers/server.go:17 +0x21f
github.com/aihou/todo/app/controllers.top({0x1002f90?, 0xc00014c2a0?}, 0xc000161b18?)
	C:/makeGo/lesson/todu/app/controllers/route_main.go:8 +0x91
net/http.HandlerFunc.ServeHTTP(0xc06040?, {0x1002f90?, 0xc00014c2a0?}, 0xe51aba?)
	C:/Program Files/Go/src/net/http/server.go:2136 +0x29
net/http.(*ServeMux).ServeHTTP(0x129cdc0?, {0x1002f90, 0xc00014c2a0}, 0xc000122300)
	C:/Program Files/Go/src/net/http/server.go:2514 +0x142
net/http.serverHandler.ServeHTTP({0xc000156090?}, {0x1002f90?, 0xc00014c2a0?}, 0x6?)
	C:/Program Files/Go/src/net/http/server.go:2938 +0x8e
net/http.(*conn).serve(0xc0000a2120, {0x1003768, 0xc0000251a0})
	C:/Program Files/Go/src/net/http/server.go:2009 +0x5f4
created by net/http.(*Server).Serve in goroutine 1
	C:/Program Files/Go/src/net/http/server.go:3086 +0x5cb
2023/12/22 21:28:05 server.go:3214: http: panic serving [::1]:64673: template: layout.html:15: missing value for block clause
goroutine 20 [running]:
net/http.(*conn).serve.func1()
	C:/Program Files/Go/src/net/http/server.go:1868 +0xb9
panic({0xf0bbc0?, 0xc00002a710?})
	C:/Program Files/Go/src/runtime/panic.go:920 +0x270
html/template.Must(...)
	C:/Program Files/Go/src/html/template/template.go:368
github.com/aihou/todo/app/controllers.generateHTML({0x1002f90?, 0xc00014c460}, {0xef7c60, 0xfff480}, {0xc0000a1a90?, 0x3, 0xc0000a1af0?})
	C:/makeGo/lesson/todu/app/controllers/server.go:17 +0x21f
github.com/aihou/todo/app/controllers.top({0x1002f90?, 0xc00014c460?}, 0xc0000a1b18?)
	C:/makeGo/lesson/todu/app/controllers/route_main.go:8 +0x91
net/http.HandlerFunc.ServeHTTP(0xc06040?, {0x1002f90?, 0xc00014c460?}, 0xe51aba?)
	C:/Program Files/Go/src/net/http/server.go:2136 +0x29
net/http.(*ServeMux).ServeHTTP(0x129cdc0?, {0x1002f90, 0xc00014c460}, 0xc000122600)
	C:/Program Files/Go/src/net/http/server.go:2514 +0x142
net/http.serverHandler.ServeHTTP({0xc000156810?}, {0x1002f90?, 0xc00014c460?}, 0x6?)
	C:/Program Files/Go/src/net/http/server.go:2938 +0x8e
net/http.(*conn).serve(0xc0000a21b0, {0x1003768, 0xc0000251a0})
	C:/Program Files/Go/src/net/http/server.go:2009 +0x5f4
created by net/http.(*Server).Serve in goroutine 1
	C:/Program Files/Go/src/net/http/server.go:3086 +0x5cb
2023/12/22 21:28:06 server.go:3214: http: panic serving [::1]:64674: template: layout.html:15: missing value for block clause
goroutine 50 [running]:
net/http.(*conn).serve.func1()
	C:/Program Files/Go/src/net/http/server.go:1868 +0xb9
panic({0xf0bbc0?, 0xc00002a810?})
	C:/Program Files/Go/src/runtime/panic.go:920 +0x270
html/template.Must(...)
	C:/Program Files/Go/src/html/template/template.go:368
github.com/aihou/todo/app/controllers.generateHTML({0x1002f90?, 0xc00014c620}, {0xef7c60, 0xfff480}, {0xc00015da90?, 0x3, 0xc00015daf0?})
	C:/makeGo/lesson/todu/app/controllers/server.go:17 +0x21f
github.com/aihou/todo/app/controllers.top({0x1002f90?, 0xc00014c620?}, 0xc00015db18?)
	C:/makeGo/lesson/todu/app/controllers/route_main.go:8 +0x91
net/http.HandlerFunc.ServeHTTP(0xc06040?, {0x1002f90?, 0xc00014c620?}, 0xe51aba?)
	C:/Program Files/Go/src/net/http/server.go:2136 +0x29
net/http.(*ServeMux).ServeHTTP(0x129cdc0?, {0x1002f90, 0xc00014c620}, 0xc000122700)
	C:/Program Files/Go/src/net/http/server.go:2514 +0x142
net/http.serverHandler.ServeHTTP({0xc000156c00?}, {0x1002f90?, 0xc00014c620?}, 0x6?)
	C:/Program Files/Go/src/net/http/server.go:2938 +0x8e
net/http.(*conn).serve(0xc00028c000, {0x1003768, 0xc0000251a0})
	C:/Program Files/Go/src/net/http/server.go:2009 +0x5f4
created by net/http.(*Server).Serve in goroutine 1
	C:/Program Files/Go/src/net/http/server.go:3086 +0x5cb
2023/12/22 21:28:07 server.go:3214: http: panic serving [::1]:64675: template: layout.html:15: missing value for block clause
goroutine 21 [running]:
net/http.(*conn).serve.func1()
	C:/Program Files/Go/src/net/http/server.go:1868 +0xb9
panic({0xf0bbc0?, 0xc00002a910?})
	C:/Program Files/Go/src/runtime/panic.go:920 +0x270
html/template.Must(...)
	C:/Program Files/Go/src/html/template/template.go:368
github.com/aihou/todo/app/controllers.generateHTML({0x1002f90?, 0xc00014c7e0}, {0xef7c60, 0xfff480}, {0xc000161a90?, 0x3, 0xc000161af0?})
	C:/makeGo/lesson/todu/app/controllers/server.go:17 +0x21f
github.com/aihou/todo/app/controllers.top({0x1002f90?, 0xc00014c7e0?}, 0xc000161b18?)
	C:/makeGo/lesson/todu/app/controllers/route_main.go:8 +0x91
net/http.HandlerFunc.ServeHTTP(0xc06040?, {0x1002f90?, 0xc00014c7e0?}, 0xe51aba?)
	C:/Program Files/Go/src/net/http/server.go:2136 +0x29
net/http.(*ServeMux).ServeHTTP(0x129cdc0?, {0x1002f90, 0xc00014c7e0}, 0xc000098100)
	C:/Program Files/Go/src/net/http/server.go:2514 +0x142
net/http.serverHandler.ServeHTTP({0xc0000890e0?}, {0x1002f90?, 0xc00014c7e0?}, 0x6?)
	C:/Program Files/Go/src/net/http/server.go:2938 +0x8e
net/http.(*conn).serve(0xc0000a2240, {0x1003768, 0xc0000251a0})
	C:/Program Files/Go/src/net/http/server.go:2009 +0x5f4
created by net/http.(*Server).Serve in goroutine 1
	C:/Program Files/Go/src/net/http/server.go:3086 +0x5cb
2023/12/22 21:28:07 server.go:3214: http: panic serving [::1]:64676: template: layout.html:15: missing value for block clause
goroutine 12 [running]:
net/http.(*conn).serve.func1()
	C:/Program Files/Go/src/net/http/server.go:1868 +0xb9
panic({0xf0bbc0?, 0xc0002a60d0?})
	C:/Program Files/Go/src/runtime/panic.go:920 +0x270
html/template.Must(...)
	C:/Program Files/Go/src/html/template/template.go:368
github.com/aihou/todo/app/controllers.generateHTML({0x1002f90?, 0xc0002a8000}, {0xef7c60, 0xfff480}, {0xc00025fa90?, 0x3, 0xc00025faf0?})
	C:/makeGo/lesson/todu/app/controllers/server.go:17 +0x21f
github.com/aihou/todo/app/controllers.top({0x1002f90?, 0xc0002a8000?}, 0xc00025fb18?)
	C:/makeGo/lesson/todu/app/controllers/route_main.go:8 +0x91
net/http.HandlerFunc.ServeHTTP(0xc06040?, {0x1002f90?, 0xc0002a8000?}, 0xe51aba?)
	C:/Program Files/Go/src/net/http/server.go:2136 +0x29
net/http.(*ServeMux).ServeHTTP(0x129cdc0?, {0x1002f90, 0xc0002a8000}, 0xc000122800)
	C:/Program Files/Go/src/net/http/server.go:2514 +0x142
net/http.serverHandler.ServeHTTP({0xc000157050?}, {0x1002f90?, 0xc0002a8000?}, 0x6?)
	C:/Program Files/Go/src/net/http/server.go:2938 +0x8e
net/http.(*conn).serve(0xc000144510, {0x1003768, 0xc0000251a0})
	C:/Program Files/Go/src/net/http/server.go:2009 +0x5f4
created by net/http.(*Server).Serve in goroutine 1
	C:/Program Files/Go/src/net/http/server.go:3086 +0x5cb
2023/12/22 21:28:07 server.go:3214: http: panic serving [::1]:64677: template: layout.html:15: missing value for block clause
goroutine 14 [running]:
net/http.(*conn).serve.func1()
	C:/Program Files/Go/src/net/http/server.go:1868 +0xb9
panic({0xf0bbc0?, 0xc00002aa10?})
	C:/Program Files/Go/src/runtime/panic.go:920 +0x270
html/template.Must(...)
	C:/Program Files/Go/src/html/template/template.go:368
github.com/aihou/todo/app/controllers.generateHTML({0x1002f90?, 0xc00014c9a0}, {0xef7c60, 0xfff480}, {0xc000161a90?, 0x3, 0xc000161af0?})
	C:/makeGo/lesson/todu/app/controllers/server.go:17 +0x21f
github.com/aihou/todo/app/controllers.top({0x1002f90?, 0xc00014c9a0?}, 0xc000161b18?)
	C:/makeGo/lesson/todu/app/controllers/route_main.go:8 +0x91
net/http.HandlerFunc.ServeHTTP(0xc06040?, {0x1002f90?, 0xc00014c9a0?}, 0xe51aba?)
	C:/Program Files/Go/src/net/http/server.go:2136 +0x29
net/http.(*ServeMux).ServeHTTP(0x129cdc0?, {0x1002f90, 0xc00014c9a0}, 0xc000122900)
	C:/Program Files/Go/src/net/http/server.go:2514 +0x142
net/http.serverHandler.ServeHTTP({0xc0001574a0?}, {0x1002f90?, 0xc00014c9a0?}, 0x6?)
	C:/Program Files/Go/src/net/http/server.go:2938 +0x8e
net/http.(*conn).serve(0xc0001446c0, {0x1003768, 0xc0000251a0})
	C:/Program Files/Go/src/net/http/server.go:2009 +0x5f4
created by net/http.(*Server).Serve in goroutine 1
	C:/Program Files/Go/src/net/http/server.go:3086 +0x5cb
